{"message":"Folder with id:5 deleted.","level":"info"}
{"message":"Folder with id 5 not found.","level":"error"}
{"message":"new note note created inside folder 3.","level":"info"}
{"message":"new note 2 note created inside folder 2.","level":"info"}
{"message":"Note with id:12 deleted.","level":"info"}
{"message":"Note with id 12 not found","level":"error"}
{"message":"Note with id:11 deleted.","level":"info"}
{"message":"folder 5 folder created with id:6.","level":"info"}
{"message":"Note with id:7 deleted.","level":"info"}
{"message":"folder 6 folder created with id:7.","level":"info"}
{"message":"Folder with id:7 deleted.","level":"info"}
{"message":"Folder with id:6 deleted.","level":"info"}
{"message":"Folder with id:4 deleted.","level":"info"}
{"message":"folder 4 folder created with id:8.","level":"info"}
{"message":"Folder with id:8 deleted.","level":"info"}
{"message":"folder 4 folder created with id:9.","level":"info"}
{"message":"Folder with id:9 deleted.","level":"info"}
{"message":"Folder with id:3 deleted.","level":"info"}
{"message":"folder 3 folder created with id:10.","level":"info"}
{"message":"Cats note created inside folder 1.","level":"info"}
{"message":"Note with id:20 deleted.","level":"info"}
{"message":"Note with id 20 not found","level":"error"}
{"message":"Cats note created inside folder 1.","level":"info"}
{"message":"folder 4 folder created with id:11.","level":"info"}
{"message":"Dogs note created inside folder 1.","level":"info"}
{"message":"New Note Folder 4 note created inside folder 11.","level":"info"}
{"message":"Note with id:23 deleted.","level":"info"}
{"message":"Cats note created inside folder 1.","level":"info"}
{"message":"Noteful note created inside folder 11.","level":"info"}
{"message":"Note with id:25 deleted.","level":"info"}
{"message":"Cats note created inside folder 1.","level":"info"}
{"message":"Note with id:26 deleted.","level":"info"}
{"message":"Delete note created inside folder 1.","level":"info"}
{"message":"Note with id:27 deleted.","level":"info"}
{"message":"Delete note created inside folder 1.","level":"info"}
{"message":"Note with id:28 deleted.","level":"info"}
{"message":"Folder with id:2 deleted.","level":"info"}
{"message":"folder 2 folder created with id:12.","level":"info"}
{"message":"Delete note created inside folder 12.","level":"info"}
{"message":"Folder with id:12 deleted.","level":"info"}
{"message":"folder 2 folder created with id:13.","level":"info"}
{"message":"'content' is required","level":"error"}
{"message":"Cats note created inside folder 13.","level":"info"}
{"message":"Note with id:21 deleted.","level":"info"}
{"message":"Note with id:22 deleted.","level":"info"}
{"message":"Note with id:24 deleted.","level":"info"}
{"message":"Note with id:30 deleted.","level":"info"}
{"message":"Folder with id:13 deleted.","level":"info"}
{"message":"folder 5 folder created with id:14.","level":"info"}
{"message":"note 1 note created inside folder 14.","level":"info"}
{"message":"note 2 note created inside folder 14.","level":"info"}
{"message":"note 3 note created inside folder 1.","level":"info"}
{"message":"Folder with id:14 deleted.","level":"info"}
{"message":"folder 5 folder created with id:15.","level":"info"}
{"message":"Cats note created inside folder 15.","level":"info"}
{"message":"Dogs note created inside folder 1.","level":"info"}
{"message":"Folder with id:15 deleted.","level":"info"}
{"message":"folder 5 folder created with id:16.","level":"info"}
{"message":"Cats note created inside folder 16.","level":"info"}
{"message":"Folder with id:16 deleted.","level":"info"}
{"message":"folder 5 folder created with id:17.","level":"info"}
{"message":"Cats note created inside folder 1.","level":"info"}
{"message":"Folder with id:17 deleted.","level":"info"}
{"message":"Note with id:37 deleted.","level":"info"}
{"message":"folder 5 folder created with id:18.","level":"info"}
{"message":"cats note created inside folder 18.","level":"info"}
{"message":"Folder with id:18 deleted.","level":"info"}
